<?xml version="1.0" encoding="UTF-8"?>
<!-- Generated by org.testng.reporters.JUnitXMLReporter -->
<testsuite hostname="KSNB0931" name="Default test" tests="4" failures="0" timestamp="28 Jul 2017 08:27:26 GMT" time="11.654" errors="0">
  <testcase name="" time="1.595" classname="de.mw.mwdata.core.ofdb.service.OfdbRegistrationTest"/>
  <testcase name="" time="1.323" classname="de.mw.mwdata.core.ofdb.service.OfdbRegistrationTest"/>
  <testcase name="" time="1.297" classname="de.mw.mwdata.core.ofdb.service.OfdbRegistrationTest"/>
  <testcase name="" time="3.032" classname="de.mw.mwdata.core.ofdb.service.OfdbRegistrationTest"/>
</testsuite> <!-- Default test -->
