<?xml version="1.0" encoding="UTF-8"?>
<testng-results skipped="0" failed="0" total="1" passed="1">
  <reporter-output>
  </reporter-output>
  <suite name="Default suite" duration-ms="24679" started-at="2017-07-27T12:08:24Z" finished-at="2017-07-27T12:08:49Z">
    <groups>
    </groups>
    <test name="Default test" duration-ms="24679" started-at="2017-07-27T12:08:24Z" finished-at="2017-07-27T12:08:49Z">
      <class name="de.mw.mwdata.core.web.util.test.MwUrlTest">
        <test-method status="PASS" signature="testRestbasedMwUrl()[pri:0, instance:de.mw.mwdata.core.web.util.test.MwUrlTest@20ca0c9]" test-instance-name="" name="testRestbasedMwUrl" duration-ms="24643" started-at="2017-07-27T14:08:25Z" finished-at="2017-07-27T14:08:49Z">
          <reporter-output>
          </reporter-output>
        </test-method> <!-- testRestbasedMwUrl -->
      </class> <!-- de.mw.mwdata.core.web.util.test.MwUrlTest -->
    </test> <!-- Default test -->
  </suite> <!-- Default suite -->
</testng-results>
